<?xml version="1.0" encoding="UTF-8"?>
<coverage generated="1658149602">
  <project timestamp="1658149602">
    <file name="/var/www/html/app/Console/Kernel.php">
      <class name="App\Console\Kernel" namespace="global">
        <metrics complexity="2" methods="1" coveredmethods="1" conditionals="0" coveredconditionals="0" statements="2" coveredstatements="2" elements="3" coveredelements="3"/>
      </class>
      <line num="26" type="method" name="commands" visibility="protected" complexity="1" crap="1" count="186"/>
      <line num="28" type="stmt" count="186"/>
      <line num="30" type="stmt" count="186"/>
      <metrics loc="33" ncloc="21" classes="1" methods="1" coveredmethods="1" conditionals="0" coveredconditionals="0" statements="2" coveredstatements="2" elements="3" coveredelements="3"/>
    </file>
    <file name="/var/www/html/app/Constants/EventTypes.php">
      <class name="App\Constants\EventTypes" namespace="global">
        <metrics complexity="0" methods="0" coveredmethods="0" conditionals="0" coveredconditionals="0" statements="0" coveredstatements="0" elements="0" coveredelements="0"/>
      </class>
      <metrics loc="17" ncloc="17" classes="0" methods="0" coveredmethods="0" conditionals="0" coveredconditionals="0" statements="0" coveredstatements="0" elements="0" coveredelements="0"/>
    </file>
    <file name="/var/www/html/app/Constants/JobStatus.php">
      <class name="App\Constants\JobStatus" namespace="global">
        <metrics complexity="0" methods="0" coveredmethods="0" conditionals="0" coveredconditionals="0" statements="0" coveredstatements="0" elements="0" coveredelements="0"/>
      </class>
      <metrics loc="25" ncloc="25" classes="0" methods="0" coveredmethods="0" conditionals="0" coveredconditionals="0" statements="0" coveredstatements="0" elements="0" coveredelements="0"/>
    </file>
    <file name="/var/www/html/app/Constants/Regex.php">
      <class name="App\Constants\Regex" namespace="global">
        <metrics complexity="6" methods="2" coveredmethods="2" conditionals="0" coveredconditionals="0" statements="12" coveredstatements="12" elements="14" coveredelements="14"/>
      </class>
      <line num="29" type="method" name="is_valid_password" visibility="public" complexity="5" crap="5" count="2"/>
      <line num="31" type="stmt" count="2"/>
      <line num="32" type="stmt" count="2"/>
      <line num="33" type="stmt" count="2"/>
      <line num="34" type="stmt" count="2"/>
      <line num="35" type="stmt" count="2"/>
      <line num="36" type="stmt" count="2"/>
      <line num="38" type="stmt" count="2"/>
      <line num="39" type="stmt" count="2"/>
      <line num="40" type="stmt" count="2"/>
      <line num="41" type="stmt" count="2"/>
      <line num="42" type="stmt" count="2"/>
      <line num="45" type="method" name="is_valid" visibility="public" complexity="1" crap="1" count="19"/>
      <line num="47" type="stmt" count="19"/>
      <metrics loc="50" ncloc="47" classes="1" methods="2" coveredmethods="2" conditionals="0" coveredconditionals="0" statements="12" coveredstatements="12" elements="14" coveredelements="14"/>
    </file>
    <file name="/var/www/html/app/Constants/Roles.php">
      <class name="App\Constants\Roles" namespace="global">
        <metrics complexity="0" methods="0" coveredmethods="0" conditionals="0" coveredconditionals="0" statements="0" coveredstatements="0" elements="0" coveredelements="0"/>
      </class>
      <metrics loc="19" ncloc="19" classes="0" methods="0" coveredmethods="0" conditionals="0" coveredconditionals="0" statements="0" coveredstatements="0" elements="0" coveredelements="0"/>
    </file>
    <file name="/var/www/html/app/Events/JobAssignedEvent.php">
      <class name="App\Events\JobAssignedEvent" namespace="global">
        <metrics complexity="2" methods="2" coveredmethods="2" conditionals="0" coveredconditionals="0" statements="2" coveredstatements="2" elements="4" coveredelements="4"/>
      </class>
      <line num="19" type="method" name="__construct" visibility="public" complexity="1" crap="1" count="3"/>
      <line num="21" type="stmt" count="3"/>
      <line num="24" type="method" name="broadcastOn" visibility="public" complexity="1" crap="1" count="3"/>
      <line num="27" type="stmt" count="3"/>
      <metrics loc="30" ncloc="29" classes="1" methods="2" coveredmethods="2" conditionals="0" coveredconditionals="0" statements="2" coveredstatements="2" elements="4" coveredelements="4"/>
    </file>
    <file name="/var/www/html/app/Events/JobClosedEvent.php">
      <class name="App\Events\JobClosedEvent" namespace="global">
        <metrics complexity="2" methods="2" coveredmethods="2" conditionals="0" coveredconditionals="0" statements="2" coveredstatements="2" elements="4" coveredelements="4"/>
      </class>
      <line num="19" type="method" name="__construct" visibility="public" complexity="1" crap="1" count="3"/>
      <line num="21" type="stmt" count="3"/>
      <line num="24" type="method" name="broadcastOn" visibility="public" complexity="1" crap="1" count="3"/>
      <line num="26" type="stmt" count="3"/>
      <metrics loc="29" ncloc="29" classes="1" methods="2" coveredmethods="2" conditionals="0" coveredconditionals="0" statements="2" coveredstatements="2" elements="4" coveredelements="4"/>
    </file>
    <file name="/var/www/html/app/Events/JobCreatedEvent.php">
      <class name="App\Events\JobCreatedEvent" namespace="global">
        <metrics complexity="2" methods="2" coveredmethods="2" conditionals="0" coveredconditionals="0" statements="2" coveredstatements="2" elements="4" coveredelements="4"/>
      </class>
      <line num="19" type="method" name="__construct" visibility="public" complexity="1" crap="1" count="2"/>
      <line num="21" type="stmt" count="2"/>
      <line num="24" type="method" name="broadcastOn" visibility="public" complexity="1" crap="1" count="2"/>
      <line num="26" type="stmt" count="2"/>
      <metrics loc="29" ncloc="29" classes="1" methods="2" coveredmethods="2" conditionals="0" coveredconditionals="0" statements="2" coveredstatements="2" elements="4" coveredelements="4"/>
    </file>
    <file name="/var/www/html/app/Events/JobFileUpdatedEvent.php">
      <class name="App\Events\JobFileUpdatedEvent" namespace="global">
        <metrics complexity="2" methods="2" coveredmethods="2" conditionals="0" coveredconditionals="0" statements="2" coveredstatements="2" elements="4" coveredelements="4"/>
      </class>
      <line num="19" type="method" name="__construct" visibility="public" complexity="1" crap="1" count="4"/>
      <line num="21" type="stmt" count="4"/>
      <line num="24" type="method" name="broadcastOn" visibility="public" complexity="1" crap="1" count="4"/>
      <line num="26" type="stmt" count="4"/>
      <metrics loc="29" ncloc="29" classes="1" methods="2" coveredmethods="2" conditionals="0" coveredconditionals="0" statements="2" coveredstatements="2" elements="4" coveredelements="4"/>
    </file>
    <file name="/var/www/html/app/Events/JobStatusUpdatedEvent.php">
      <class name="App\Events\JobStatusUpdatedEvent" namespace="global">
        <metrics complexity="2" methods="2" coveredmethods="2" conditionals="0" coveredconditionals="0" statements="2" coveredstatements="2" elements="4" coveredelements="4"/>
      </class>
      <line num="19" type="method" name="__construct" visibility="public" complexity="1" crap="1" count="4"/>
      <line num="21" type="stmt" count="4"/>
      <line num="24" type="method" name="broadcastOn" visibility="public" complexity="1" crap="1" count="4"/>
      <line num="26" type="stmt" count="4"/>
      <metrics loc="29" ncloc="29" classes="1" methods="2" coveredmethods="2" conditionals="0" coveredconditionals="0" statements="2" coveredstatements="2" elements="4" coveredelements="4"/>
    </file>
    <file name="/var/www/html/app/Events/JobUpdatedEvent.php">
      <class name="App\Events\JobUpdatedEvent" namespace="global">
        <metrics complexity="3" methods="2" coveredmethods="1" conditionals="0" coveredconditionals="0" statements="4" coveredstatements="3" elements="6" coveredelements="4"/>
      </class>
      <line num="19" type="method" name="__construct" visibility="public" complexity="1" crap="1" count="3"/>
      <line num="21" type="stmt" count="3"/>
      <line num="24" type="method" name="broadcastOn" visibility="public" complexity="2" crap="2.15" count="3"/>
      <line num="26" type="stmt" count="3"/>
      <line num="27" type="stmt" count="3"/>
      <line num="29" type="stmt" count="0"/>
      <metrics loc="33" ncloc="33" classes="1" methods="2" coveredmethods="1" conditionals="0" coveredconditionals="0" statements="4" coveredstatements="3" elements="6" coveredelements="4"/>
    </file>
    <file name="/var/www/html/app/Events/MessageCreatedEvent.php">
      <class name="App\Events\MessageCreatedEvent" namespace="global">
        <metrics complexity="2" methods="2" coveredmethods="2" conditionals="0" coveredconditionals="0" statements="2" coveredstatements="2" elements="4" coveredelements="4"/>
      </class>
      <line num="19" type="method" name="__construct" visibility="public" complexity="1" crap="1" count="3"/>
      <line num="21" type="stmt" count="3"/>
      <line num="24" type="method" name="broadcastOn" visibility="public" complexity="1" crap="1" count="3"/>
      <line num="26" type="stmt" count="3"/>
      <metrics loc="29" ncloc="29" classes="1" methods="2" coveredmethods="2" conditionals="0" coveredconditionals="0" statements="2" coveredstatements="2" elements="4" coveredelements="4"/>
    </file>
    <file name="/var/www/html/app/Exceptions/Handler.php">
      <class name="App\Exceptions\Handler" namespace="global">
        <metrics complexity="1" methods="1" coveredmethods="1" conditionals="0" coveredconditionals="0" statements="1" coveredstatements="1" elements="2" coveredelements="2"/>
      </class>
      <line num="44" type="method" name="register" visibility="public" complexity="1" crap="1" count="186"/>
      <line num="46" type="stmt" count="186"/>
      <metrics loc="51" ncloc="30" classes="1" methods="1" coveredmethods="1" conditionals="0" coveredconditionals="0" statements="1" coveredstatements="1" elements="2" coveredelements="2"/>
    </file>
    <file name="/var/www/html/app/Http/Controllers/Api/FileController.php">
      <class name="App\Http\Controllers\Api\FileController" namespace="global">
        <metrics complexity="6" methods="5" coveredmethods="3" conditionals="0" coveredconditionals="0" statements="19" coveredstatements="17" elements="24" coveredelements="20"/>
      </class>
      <line num="15" type="method" name="show" visibility="public" complexity="1" crap="1" count="4"/>
      <line num="17" type="stmt" count="4"/>
      <line num="20" type="method" name="store" visibility="public" complexity="1" crap="1" count="2"/>
      <line num="22" type="stmt" count="2"/>
      <line num="24" type="stmt" count="2"/>
      <line num="27" type="stmt" count="2"/>
      <line num="29" type="stmt" count="2"/>
      <line num="32" type="method" name="update" visibility="public" complexity="1" crap="1" count="2"/>
      <line num="34" type="stmt" count="2"/>
      <line num="36" type="stmt" count="2"/>
      <line num="38" type="stmt" count="2"/>
      <line num="39" type="stmt" count="2"/>
      <line num="40" type="stmt" count="2"/>
      <line num="43" type="stmt" count="2"/>
      <line num="45" type="stmt" count="2"/>
      <line num="48" type="method" name="destroy" visibility="public" complexity="2" crap="2.02" count="2"/>
      <line num="50" type="stmt" count="2"/>
      <line num="53" type="stmt" count="2"/>
      <line num="54" type="stmt" count="2"/>
      <line num="55" type="stmt" count="0"/>
      <line num="58" type="stmt" count="2"/>
      <line num="60" type="stmt" count="2"/>
      <line num="66" type="method" name="download" visibility="public" complexity="1" crap="2" count="0"/>
      <line num="68" type="stmt" count="0"/>
      <metrics loc="71" ncloc="64" classes="1" methods="5" coveredmethods="3" conditionals="0" coveredconditionals="0" statements="19" coveredstatements="17" elements="24" coveredelements="20"/>
    </file>
    <file name="/var/www/html/app/Http/Controllers/Api/FileTypeController.php">
      <class name="App\Http\Controllers\Api\FileTypeController" namespace="global">
        <metrics complexity="5" methods="5" coveredmethods="0" conditionals="0" coveredconditionals="0" statements="11" coveredstatements="0" elements="16" coveredelements="0"/>
      </class>
      <line num="13" type="method" name="index" visibility="public" complexity="1" crap="2" count="0"/>
      <line num="15" type="stmt" count="0"/>
      <line num="16" type="stmt" count="0"/>
      <line num="19" type="method" name="show" visibility="public" complexity="1" crap="2" count="0"/>
      <line num="21" type="stmt" count="0"/>
      <line num="24" type="method" name="store" visibility="public" complexity="1" crap="2" count="0"/>
      <line num="26" type="stmt" count="0"/>
      <line num="27" type="stmt" count="0"/>
      <line num="30" type="method" name="update" visibility="public" complexity="1" crap="2" count="0"/>
      <line num="32" type="stmt" count="0"/>
      <line num="33" type="stmt" count="0"/>
      <line num="34" type="stmt" count="0"/>
      <line num="35" type="stmt" count="0"/>
      <line num="38" type="method" name="destroy" visibility="public" complexity="1" crap="2" count="0"/>
      <line num="40" type="stmt" count="0"/>
      <line num="41" type="stmt" count="0"/>
      <metrics loc="46" ncloc="45" classes="1" methods="5" coveredmethods="0" conditionals="0" coveredconditionals="0" statements="11" coveredstatements="0" elements="16" coveredelements="0"/>
    </file>
    <file name="/var/www/html/app/Http/Controllers/Api/JobCategoryController.php">
      <class name="App\Http\Controllers\Api\JobCategoryController" namespace="global">
        <metrics complexity="11" methods="6" coveredmethods="0" conditionals="0" coveredconditionals="0" statements="31" coveredstatements="0" elements="37" coveredelements="0"/>
      </class>
      <line num="15" type="method" name="index" visibility="public" complexity="1" crap="2" count="0"/>
      <line num="17" type="stmt" count="0"/>
      <line num="18" type="stmt" count="0"/>
      <line num="21" type="method" name="show" visibility="public" complexity="1" crap="2" count="0"/>
      <line num="23" type="stmt" count="0"/>
      <line num="26" type="method" name="store" visibility="public" complexity="2" crap="6" count="0"/>
      <line num="28" type="stmt" count="0"/>
      <line num="30" type="stmt" count="0"/>
      <line num="31" type="stmt" count="0"/>
      <line num="35" type="stmt" count="0"/>
      <line num="36" type="stmt" count="0"/>
      <line num="37" type="stmt" count="0"/>
      <line num="39" type="stmt" count="0"/>
      <line num="42" type="method" name="update" visibility="public" complexity="5" crap="30" count="0"/>
      <line num="44" type="stmt" count="0"/>
      <line num="45" type="stmt" count="0"/>
      <line num="47" type="stmt" count="0"/>
      <line num="49" type="stmt" count="0"/>
      <line num="50" type="stmt" count="0"/>
      <line num="56" type="stmt" count="0"/>
      <line num="57" type="stmt" count="0"/>
      <line num="59" type="stmt" count="0"/>
      <line num="61" type="stmt" count="0"/>
      <line num="62" type="stmt" count="0"/>
      <line num="65" type="stmt" count="0"/>
      <line num="66" type="stmt" count="0"/>
      <line num="67" type="stmt" count="0"/>
      <line num="70" type="stmt" count="0"/>
      <line num="71" type="stmt" count="0"/>
      <line num="74" type="method" name="destroy" visibility="public" complexity="1" crap="2" count="0"/>
      <line num="76" type="stmt" count="0"/>
      <line num="77" type="stmt" count="0"/>
      <line num="78" type="stmt" count="0"/>
      <line num="79" type="stmt" count="0"/>
      <line num="85" type="method" name="image" visibility="public" complexity="1" crap="2" count="0"/>
      <line num="87" type="stmt" count="0"/>
      <line num="88" type="stmt" count="0"/>
      <metrics loc="91" ncloc="86" classes="1" methods="6" coveredmethods="0" conditionals="0" coveredconditionals="0" statements="31" coveredstatements="0" elements="37" coveredelements="0"/>
    </file>
    <file name="/var/www/html/app/Http/Controllers/Api/JobController.php">
      <class name="App\Http\Controllers\Api\JobController" namespace="global">
        <metrics complexity="25" methods="14" coveredmethods="7" conditionals="0" coveredconditionals="0" statements="91" coveredstatements="73" elements="105" coveredelements="80"/>
      </class>
      <line num="30" type="method" name="index" visibility="public" complexity="1" crap="1" count="1"/>
      <line num="32" type="stmt" count="1"/>
      <line num="35" type="method" name="show" visibility="public" complexity="1" crap="1" count="5"/>
      <line num="37" type="stmt" count="5"/>
      <line num="38" type="stmt" count="5"/>
      <line num="41" type="method" name="store" visibility="public" complexity="6" crap="9.94" count="3"/>
      <line num="43" type="stmt" count="3"/>
      <line num="46" type="stmt" count="3"/>
      <line num="47" type="stmt" count="1"/>
      <line num="52" type="stmt" count="2"/>
      <line num="55" type="stmt" count="2"/>
      <line num="56" type="stmt" count="0"/>
      <line num="57" type="stmt" count="0"/>
      <line num="58" type="stmt" count="0"/>
      <line num="63" type="stmt" count="2"/>
      <line num="67" type="stmt" count="2"/>
      <line num="68" type="stmt" count="2"/>
      <line num="72" type="stmt" count="2"/>
      <line num="73" type="stmt" count="0"/>
      <line num="77" type="stmt" count="0"/>
      <line num="78" type="stmt" count="0"/>
      <line num="81" type="stmt" count="0"/>
      <line num="82" type="stmt" count="0"/>
      <line num="85" type="stmt" count="0"/>
      <line num="88" type="stmt" count="2"/>
      <line num="91" type="stmt" count="2"/>
      <line num="92" type="stmt" count="0"/>
      <line num="93" type="stmt" count="0"/>
      <line num="96" type="stmt" count="2"/>
      <line num="101" type="method" name="update" visibility="public" complexity="1" crap="1" count="3"/>
      <line num="103" type="stmt" count="3"/>
      <line num="105" type="stmt" count="3"/>
      <line num="108" type="stmt" count="3"/>
      <line num="111" type="stmt" count="3"/>
      <line num="115" type="stmt" count="3"/>
      <line num="116" type="stmt" count="3"/>
      <line num="119" type="stmt" count="3"/>
      <line num="120" type="stmt" count="3"/>
      <line num="123" type="method" name="destroy" visibility="public" complexity="1" crap="1" count="2"/>
      <line num="125" type="stmt" count="2"/>
      <line num="126" type="stmt" count="2"/>
      <line num="132" type="method" name="unassigned_jobs" visibility="public" complexity="1" crap="1" count="2"/>
      <line num="134" type="stmt" count="2"/>
      <line num="137" type="method" name="user_jobs" visibility="public" complexity="1" crap="1" count="6"/>
      <line num="139" type="stmt" count="6"/>
      <line num="142" type="method" name="user_as_client_jobs" visibility="public" complexity="1" crap="2" count="0"/>
      <line num="144" type="stmt" count="0"/>
      <line num="147" type="method" name="user_as_worker_jobs" visibility="public" complexity="1" crap="2" count="0"/>
      <line num="149" type="stmt" count="0"/>
      <line num="152" type="method" name="user_as_validator_jobs" visibility="public" complexity="1" crap="2" count="0"/>
      <line num="154" type="stmt" count="0"/>
      <line num="157" type="method" name="assign" visibility="public" complexity="3" crap="3.00" count="4"/>
      <line num="159" type="stmt" count="4"/>
      <line num="162" type="stmt" count="4"/>
      <line num="163" type="stmt" count="1"/>
      <line num="168" type="stmt" count="3"/>
      <line num="171" type="stmt" count="3"/>
      <line num="172" type="stmt" count="0"/>
      <line num="177" type="stmt" count="3"/>
      <line num="180" type="stmt" count="3"/>
      <line num="181" type="stmt" count="3"/>
      <line num="184" type="stmt" count="3"/>
      <line num="187" type="stmt" count="3"/>
      <line num="191" type="stmt" count="3"/>
      <line num="192" type="stmt" count="3"/>
      <line num="196" type="stmt" count="3"/>
      <line num="198" type="stmt" count="3"/>
      <line num="201" type="method" name="update_status" visibility="public" complexity="2" crap="2.00" count="4"/>
      <line num="203" type="stmt" count="4"/>
      <line num="205" type="stmt" count="4"/>
      <line num="207" type="stmt" count="4"/>
      <line num="208" type="stmt" count="0"/>
      <line num="213" type="stmt" count="4"/>
      <line num="216" type="stmt" count="4"/>
      <line num="219" type="stmt" count="4"/>
      <line num="222" type="stmt" count="4"/>
      <line num="223" type="stmt" count="4"/>
      <line num="224" type="stmt" count="4"/>
      <line num="228" type="stmt" count="4"/>
      <line num="230" type="stmt" count="4"/>
      <line num="233" type="method" name="update_rating" visibility="public" complexity="3" crap="3" count="5"/>
      <line num="235" type="stmt" count="5"/>
      <line num="237" type="stmt" count="5"/>
      <line num="240" type="stmt" count="5"/>
      <line num="241" type="stmt" count="1"/>
      <line num="246" type="stmt" count="4"/>
      <line num="247" type="stmt" count="1"/>
      <line num="255" type="stmt" count="3"/>
      <line num="258" type="stmt" count="3"/>
      <line num="259" type="stmt" count="3"/>
      <line num="262" type="stmt" count="3"/>
      <line num="265" type="stmt" count="3"/>
      <line num="269" type="stmt" count="3"/>
      <line num="270" type="stmt" count="3"/>
      <line num="274" type="stmt" count="3"/>
      <line num="276" type="stmt" count="3"/>
      <line num="281" type="method" name="update_notifications" visibility="public" complexity="2" crap="2.06" count="5"/>
      <line num="283" type="stmt" count="5"/>
      <line num="286" type="stmt" count="5"/>
      <line num="287" type="stmt" count="5"/>
      <line num="288" type="stmt" count="5"/>
      <line num="290" type="stmt" count="5"/>
      <line num="291" type="stmt" count="0"/>
      <line num="292" type="stmt" count="0"/>
      <line num="296" type="stmt" count="5"/>
      <metrics loc="299" ncloc="261" classes="1" methods="14" coveredmethods="7" conditionals="0" coveredconditionals="0" statements="91" coveredstatements="73" elements="105" coveredelements="80"/>
    </file>
    <file name="/var/www/html/app/Http/Controllers/Api/MessageController.php">
      <class name="App\Http\Controllers\Api\MessageController" namespace="global">
        <metrics complexity="4" methods="3" coveredmethods="3" conditionals="0" coveredconditionals="0" statements="13" coveredstatements="13" elements="16" coveredelements="16"/>
      </class>
      <line num="17" type="method" name="index" visibility="public" complexity="1" crap="1" count="1"/>
      <line num="19" type="stmt" count="1"/>
      <line num="22" type="method" name="show" visibility="public" complexity="1" crap="1" count="3"/>
      <line num="24" type="stmt" count="3"/>
      <line num="25" type="stmt" count="3"/>
      <line num="28" type="method" name="store" visibility="public" complexity="2" crap="2" count="5"/>
      <line num="30" type="stmt" count="5"/>
      <line num="32" type="stmt" count="5"/>
      <line num="33" type="stmt" count="2"/>
      <line num="38" type="stmt" count="3"/>
      <line num="41" type="stmt" count="3"/>
      <line num="44" type="stmt" count="3"/>
      <line num="47" type="stmt" count="3"/>
      <line num="48" type="stmt" count="3"/>
      <line num="52" type="stmt" count="3"/>
      <line num="54" type="stmt" count="3"/>
      <metrics loc="57" ncloc="52" classes="1" methods="3" coveredmethods="3" conditionals="0" coveredconditionals="0" statements="13" coveredstatements="13" elements="16" coveredelements="16"/>
    </file>
    <file name="/var/www/html/app/Http/Controllers/Api/UserController.php">
      <class name="App\Http\Controllers\Api\UserController" namespace="global">
        <metrics complexity="10" methods="6" coveredmethods="6" conditionals="0" coveredconditionals="0" statements="30" coveredstatements="30" elements="36" coveredelements="36"/>
      </class>
      <line num="17" type="method" name="index" visibility="public" complexity="1" crap="1" count="1"/>
      <line num="19" type="stmt" count="1"/>
      <line num="20" type="stmt" count="1"/>
      <line num="23" type="method" name="show" visibility="public" complexity="1" crap="1" count="2"/>
      <line num="25" type="stmt" count="2"/>
      <line num="26" type="stmt" count="2"/>
      <line num="29" type="method" name="store" visibility="public" complexity="2" crap="2" count="1"/>
      <line num="31" type="stmt" count="1"/>
      <line num="34" type="stmt" count="1"/>
      <line num="37" type="stmt" count="1"/>
      <line num="38" type="stmt" count="1"/>
      <line num="41" type="stmt" count="1"/>
      <line num="44" type="method" name="update" visibility="public" complexity="4" crap="4" count="3"/>
      <line num="46" type="stmt" count="3"/>
      <line num="47" type="stmt" count="3"/>
      <line num="49" type="stmt" count="3"/>
      <line num="51" type="stmt" count="3"/>
      <line num="52" type="stmt" count="1"/>
      <line num="58" type="stmt" count="2"/>
      <line num="59" type="stmt" count="2"/>
      <line num="60" type="stmt" count="2"/>
      <line num="61" type="stmt" count="2"/>
      <line num="64" type="stmt" count="2"/>
      <line num="66" type="stmt" count="2"/>
      <line num="69" type="method" name="destroy" visibility="public" complexity="1" crap="1" count="2"/>
      <line num="71" type="stmt" count="2"/>
      <line num="72" type="stmt" count="2"/>
      <line num="78" type="method" name="update_email_notifications" visibility="public" complexity="1" crap="1" count="5"/>
      <line num="80" type="stmt" count="5"/>
      <line num="81" type="stmt" count="5"/>
      <line num="82" type="stmt" count="5"/>
      <line num="84" type="stmt" count="5"/>
      <line num="85" type="stmt" count="5"/>
      <line num="86" type="stmt" count="5"/>
      <line num="87" type="stmt" count="5"/>
      <line num="89" type="stmt" count="5"/>
      <metrics loc="92" ncloc="87" classes="1" methods="6" coveredmethods="6" conditionals="0" coveredconditionals="0" statements="30" coveredstatements="30" elements="36" coveredelements="36"/>
    </file>
    <file name="/var/www/html/app/Http/Controllers/Controller.php">
      <class name="App\Http\Controllers\Controller" namespace="global">
        <metrics complexity="0" methods="0" coveredmethods="0" conditionals="0" coveredconditionals="0" statements="0" coveredstatements="0" elements="0" coveredelements="0"/>
      </class>
      <metrics loc="14" ncloc="14" classes="0" methods="0" coveredmethods="0" conditionals="0" coveredconditionals="0" statements="0" coveredstatements="0" elements="0" coveredelements="0"/>
    </file>
    <file name="/var/www/html/app/Http/Kernel.php">
      <class name="App\Http\Kernel" namespace="global">
        <metrics complexity="0" methods="0" coveredmethods="0" conditionals="0" coveredconditionals="0" statements="0" coveredstatements="0" elements="0" coveredelements="0"/>
      </class>
      <metrics loc="68" ncloc="47" classes="0" methods="0" coveredmethods="0" conditionals="0" coveredconditionals="0" statements="0" coveredstatements="0" elements="0" coveredelements="0"/>
    </file>
    <file name="/var/www/html/app/Http/Middleware/Authenticate.php">
      <class name="App\Http\Middleware\Authenticate" namespace="global">
        <metrics complexity="1" methods="1" coveredmethods="0" conditionals="0" coveredconditionals="0" statements="1" coveredstatements="0" elements="2" coveredelements="0"/>
      </class>
      <line num="15" type="method" name="redirectTo" visibility="protected" complexity="1" crap="2" count="0"/>
      <line num="20" type="stmt" count="0"/>
      <metrics loc="23" ncloc="14" classes="1" methods="1" coveredmethods="0" conditionals="0" coveredconditionals="0" statements="1" coveredstatements="0" elements="2" coveredelements="0"/>
    </file>
    <file name="/var/www/html/app/Http/Middleware/EncryptCookies.php">
      <class name="App\Http\Middleware\EncryptCookies" namespace="global">
        <metrics complexity="0" methods="0" coveredmethods="0" conditionals="0" coveredconditionals="0" statements="0" coveredstatements="0" elements="0" coveredelements="0"/>
      </class>
      <metrics loc="18" ncloc="13" classes="0" methods="0" coveredmethods="0" conditionals="0" coveredconditionals="0" statements="0" coveredstatements="0" elements="0" coveredelements="0"/>
    </file>
    <file name="/var/www/html/app/Http/Middleware/PreventRequestsDuringMaintenance.php">
      <class name="App\Http\Middleware\PreventRequestsDuringMaintenance" namespace="global">
        <metrics complexity="0" methods="0" coveredmethods="0" conditionals="0" coveredconditionals="0" statements="0" coveredstatements="0" elements="0" coveredelements="0"/>
      </class>
      <metrics loc="18" ncloc="13" classes="0" methods="0" coveredmethods="0" conditionals="0" coveredconditionals="0" statements="0" coveredstatements="0" elements="0" coveredelements="0"/>
    </file>
    <file name="/var/www/html/app/Http/Middleware/RedirectIfAuthenticated.php">
      <class name="App\Http\Middleware\RedirectIfAuthenticated" namespace="global">
        <metrics complexity="4" methods="1" coveredmethods="0" conditionals="0" coveredconditionals="0" statements="5" coveredstatements="0" elements="6" coveredelements="0"/>
      </class>
      <line num="20" type="method" name="handle" visibility="public" complexity="4" crap="20" count="0"/>
      <line num="22" type="stmt" count="0"/>
      <line num="24" type="stmt" count="0"/>
      <line num="25" type="stmt" count="0"/>
      <line num="26" type="stmt" count="0"/>
      <line num="30" type="stmt" count="0"/>
      <metrics loc="33" ncloc="25" classes="1" methods="1" coveredmethods="0" conditionals="0" coveredconditionals="0" statements="5" coveredstatements="0" elements="6" coveredelements="0"/>
    </file>
    <file name="/var/www/html/app/Http/Middleware/TrimStrings.php">
      <class name="App\Http\Middleware\TrimStrings" namespace="global">
        <metrics complexity="0" methods="0" coveredmethods="0" conditionals="0" coveredconditionals="0" statements="0" coveredstatements="0" elements="0" coveredelements="0"/>
      </class>
      <metrics loc="20" ncloc="15" classes="0" methods="0" coveredmethods="0" conditionals="0" coveredconditionals="0" statements="0" coveredstatements="0" elements="0" coveredelements="0"/>
    </file>
    <file name="/var/www/html/app/Http/Middleware/TrustHosts.php">
      <class name="App\Http\Middleware\TrustHosts" namespace="global">
        <metrics complexity="1" methods="1" coveredmethods="0" conditionals="0" coveredconditionals="0" statements="1" coveredstatements="0" elements="2" coveredelements="0"/>
      </class>
      <line num="14" type="method" name="hosts" visibility="public" complexity="1" crap="2" count="0"/>
      <line num="17" type="stmt" count="0"/>
      <metrics loc="21" ncloc="16" classes="1" methods="1" coveredmethods="0" conditionals="0" coveredconditionals="0" statements="1" coveredstatements="0" elements="2" coveredelements="0"/>
    </file>
    <file name="/var/www/html/app/Http/Middleware/TrustProxies.php">
      <class name="App\Http\Middleware\TrustProxies" namespace="global">
        <metrics complexity="0" methods="0" coveredmethods="0" conditionals="0" coveredconditionals="0" statements="0" coveredstatements="0" elements="0" coveredelements="0"/>
      </class>
      <metrics loc="29" ncloc="19" classes="0" methods="0" coveredmethods="0" conditionals="0" coveredconditionals="0" statements="0" coveredstatements="0" elements="0" coveredelements="0"/>
    </file>
    <file name="/var/www/html/app/Http/Middleware/VerifyCsrfToken.php">
      <class name="App\Http\Middleware\VerifyCsrfToken" namespace="global">
        <metrics complexity="0" methods="0" coveredmethods="0" conditionals="0" coveredconditionals="0" statements="0" coveredstatements="0" elements="0" coveredelements="0"/>
      </class>
      <metrics loc="18" ncloc="13" classes="0" methods="0" coveredmethods="0" conditionals="0" coveredconditionals="0" statements="0" coveredstatements="0" elements="0" coveredelements="0"/>
    </file>
    <file name="/var/www/html/app/Http/Requests/FileRequest.php">
      <class name="App\Http\Requests\FileRequest" namespace="global">
        <metrics complexity="7" methods="2" coveredmethods="1" conditionals="0" coveredconditionals="0" statements="20" coveredstatements="19" elements="22" coveredelements="20"/>
      </class>
      <line num="11" type="method" name="authorize" visibility="public" complexity="1" crap="1" count="9"/>
      <line num="14" type="stmt" count="9"/>
      <line num="17" type="method" name="rules" visibility="public" complexity="6" crap="6.01" count="9"/>
      <line num="19" type="stmt" count="9"/>
      <line num="21" type="stmt" count="9"/>
      <line num="22" type="stmt" count="6"/>
      <line num="23" type="stmt" count="6"/>
      <line num="25" type="stmt" count="3"/>
      <line num="26" type="stmt" count="3"/>
      <line num="27" type="stmt" count="3"/>
      <line num="31" type="stmt" count="9"/>
      <line num="32" type="stmt" count="9"/>
      <line num="33" type="stmt" count="9"/>
      <line num="34" type="stmt" count="3"/>
      <line num="37" type="stmt" count="9"/>
      <line num="38" type="stmt" count="9"/>
      <line num="40" type="stmt" count="9"/>
      <line num="41" type="stmt" count="0"/>
      <line num="43" type="stmt" count="9"/>
      <line num="44" type="stmt" count="5"/>
      <line num="46" type="stmt" count="9"/>
      <line num="50" type="stmt" count="9"/>
      <metrics loc="53" ncloc="52" classes="1" methods="2" coveredmethods="1" conditionals="0" coveredconditionals="0" statements="20" coveredstatements="19" elements="22" coveredelements="20"/>
    </file>
    <file name="/var/www/html/app/Http/Requests/FileTypeRequest.php">
      <class name="App\Http\Requests\FileTypeRequest" namespace="global">
        <metrics complexity="3" methods="2" coveredmethods="0" conditionals="0" coveredconditionals="0" statements="6" coveredstatements="0" elements="8" coveredelements="0"/>
      </class>
      <line num="12" type="method" name="authorize" visibility="public" complexity="1" crap="2" count="0"/>
      <line num="15" type="stmt" count="0"/>
      <line num="18" type="method" name="rules" visibility="public" complexity="2" crap="6" count="0"/>
      <line num="20" type="stmt" count="0"/>
      <line num="25" type="stmt" count="0"/>
      <line num="26" type="stmt" count="0"/>
      <line num="27" type="stmt" count="0"/>
      <line num="31" type="stmt" count="0"/>
      <metrics loc="34" ncloc="33" classes="1" methods="2" coveredmethods="0" conditionals="0" coveredconditionals="0" statements="6" coveredstatements="0" elements="8" coveredelements="0"/>
    </file>
    <file name="/var/www/html/app/Http/Requests/JobAssignWorkerRequest.php">
      <class name="App\Http\Requests\JobAssignWorkerRequest" namespace="global">
        <metrics complexity="2" methods="2" coveredmethods="2" conditionals="0" coveredconditionals="0" statements="2" coveredstatements="2" elements="4" coveredelements="4"/>
      </class>
      <line num="12" type="method" name="authorize" visibility="public" complexity="1" crap="1" count="4"/>
      <line num="15" type="stmt" count="4"/>
      <line num="18" type="method" name="rules" visibility="public" complexity="1" crap="1" count="4"/>
      <line num="21" type="stmt" count="4"/>
      <metrics loc="26" ncloc="25" classes="1" methods="2" coveredmethods="2" conditionals="0" coveredconditionals="0" statements="2" coveredstatements="2" elements="4" coveredelements="4"/>
    </file>
    <file name="/var/www/html/app/Http/Requests/JobCategoryRequest.php">
      <class name="App\Http\Requests\JobCategoryRequest" namespace="global">
        <metrics complexity="4" methods="2" coveredmethods="0" conditionals="0" coveredconditionals="0" statements="12" coveredstatements="0" elements="14" coveredelements="0"/>
      </class>
      <line num="13" type="method" name="authorize" visibility="public" complexity="1" crap="2" count="0"/>
      <line num="16" type="stmt" count="0"/>
      <line num="19" type="method" name="rules" visibility="public" complexity="3" crap="12" count="0"/>
      <line num="21" type="stmt" count="0"/>
      <line num="22" type="stmt" count="0"/>
      <line num="27" type="stmt" count="0"/>
      <line num="28" type="stmt" count="0"/>
      <line num="29" type="stmt" count="0"/>
      <line num="34" type="stmt" count="0"/>
      <line num="35" type="stmt" count="0"/>
      <line num="36" type="stmt" count="0"/>
      <line num="38" type="stmt" count="0"/>
      <line num="39" type="stmt" count="0"/>
      <line num="44" type="stmt" count="0"/>
      <metrics loc="47" ncloc="46" classes="1" methods="2" coveredmethods="0" conditionals="0" coveredconditionals="0" statements="12" coveredstatements="0" elements="14" coveredelements="0"/>
    </file>
    <file name="/var/www/html/app/Http/Requests/JobRatingRequest.php">
      <class name="App\Http\Requests\JobRatingRequest" namespace="global">
        <metrics complexity="2" methods="2" coveredmethods="2" conditionals="0" coveredconditionals="0" statements="2" coveredstatements="2" elements="4" coveredelements="4"/>
      </class>
      <line num="11" type="method" name="authorize" visibility="public" complexity="1" crap="1" count="5"/>
      <line num="14" type="stmt" count="5"/>
      <line num="17" type="method" name="rules" visibility="public" complexity="1" crap="1" count="5"/>
      <line num="20" type="stmt" count="5"/>
      <metrics loc="25" ncloc="24" classes="1" methods="2" coveredmethods="2" conditionals="0" coveredconditionals="0" statements="2" coveredstatements="2" elements="4" coveredelements="4"/>
    </file>
    <file name="/var/www/html/app/Http/Requests/JobRequest.php">
      <class name="App\Http\Requests\JobRequest" namespace="global">
        <metrics complexity="7" methods="2" coveredmethods="1" conditionals="0" coveredconditionals="0" statements="18" coveredstatements="11" elements="20" coveredelements="12"/>
      </class>
      <line num="15" type="method" name="authorize" visibility="public" complexity="1" crap="1" count="8"/>
      <line num="18" type="stmt" count="8"/>
      <line num="21" type="method" name="rules" visibility="public" complexity="6" crap="8.51" count="8"/>
      <line num="23" type="stmt" count="8"/>
      <line num="24" type="stmt" count="8"/>
      <line num="26" type="stmt" count="8"/>
      <line num="31" type="stmt" count="8"/>
      <line num="32" type="stmt" count="4"/>
      <line num="33" type="stmt" count="4"/>
      <line num="35" type="stmt" count="4"/>
      <line num="36" type="stmt" count="4"/>
      <line num="37" type="stmt" count="4"/>
      <line num="38" type="stmt" count="0"/>
      <line num="39" type="stmt" count="0"/>
      <line num="40" type="stmt" count="0"/>
      <line num="42" type="stmt" count="0"/>
      <line num="43" type="stmt" count="0"/>
      <line num="44" type="stmt" count="0"/>
      <line num="47" type="stmt" count="0"/>
      <line num="55" type="stmt" count="8"/>
      <metrics loc="58" ncloc="57" classes="1" methods="2" coveredmethods="1" conditionals="0" coveredconditionals="0" statements="18" coveredstatements="11" elements="20" coveredelements="12"/>
    </file>
    <file name="/var/www/html/app/Http/Requests/JobStatusRequest.php">
      <class name="App\Http\Requests\JobStatusRequest" namespace="global">
        <metrics complexity="2" methods="2" coveredmethods="2" conditionals="0" coveredconditionals="0" statements="2" coveredstatements="2" elements="4" coveredelements="4"/>
      </class>
      <line num="12" type="method" name="authorize" visibility="public" complexity="1" crap="1" count="5"/>
      <line num="15" type="stmt" count="5"/>
      <line num="18" type="method" name="rules" visibility="public" complexity="1" crap="1" count="5"/>
      <line num="21" type="stmt" count="5"/>
      <metrics loc="28" ncloc="27" classes="1" methods="2" coveredmethods="2" conditionals="0" coveredconditionals="0" statements="2" coveredstatements="2" elements="4" coveredelements="4"/>
    </file>
    <file name="/var/www/html/app/Http/Requests/MessageRequest.php">
      <class name="App\Http\Requests\MessageRequest" namespace="global">
        <metrics complexity="2" methods="2" coveredmethods="2" conditionals="0" coveredconditionals="0" statements="2" coveredstatements="2" elements="4" coveredelements="4"/>
      </class>
      <line num="12" type="method" name="authorize" visibility="public" complexity="1" crap="1" count="5"/>
      <line num="15" type="stmt" count="5"/>
      <line num="18" type="method" name="rules" visibility="public" complexity="1" crap="1" count="5"/>
      <line num="21" type="stmt" count="5"/>
      <metrics loc="28" ncloc="27" classes="1" methods="2" coveredmethods="2" conditionals="0" coveredconditionals="0" statements="2" coveredstatements="2" elements="4" coveredelements="4"/>
    </file>
    <file name="/var/www/html/app/Http/Requests/UserEmailNotificationsRequest.php">
      <class name="App\Http\Requests\UserEmailNotificationsRequest" namespace="global">
        <metrics complexity="2" methods="2" coveredmethods="2" conditionals="0" coveredconditionals="0" statements="2" coveredstatements="2" elements="4" coveredelements="4"/>
      </class>
      <line num="12" type="method" name="authorize" visibility="public" complexity="1" crap="1" count="5"/>
      <line num="15" type="stmt" count="5"/>
      <line num="18" type="method" name="rules" visibility="public" complexity="1" crap="1" count="5"/>
      <line num="21" type="stmt" count="5"/>
      <metrics loc="28" ncloc="27" classes="1" methods="2" coveredmethods="2" conditionals="0" coveredconditionals="0" statements="2" coveredstatements="2" elements="4" coveredelements="4"/>
    </file>
    <file name="/var/www/html/app/Http/Requests/UserRequest.php">
      <class name="App\Http\Requests\UserRequest" namespace="global">
        <metrics complexity="4" methods="2" coveredmethods="2" conditionals="0" coveredconditionals="0" statements="8" coveredstatements="8" elements="10" coveredelements="10"/>
      </class>
      <line num="12" type="method" name="authorize" visibility="public" complexity="1" crap="1" count="4"/>
      <line num="15" type="stmt" count="4"/>
      <line num="18" type="method" name="rules" visibility="public" complexity="3" crap="3" count="4"/>
      <line num="20" type="stmt" count="4"/>
      <line num="30" type="stmt" count="4"/>
      <line num="31" type="stmt" count="3"/>
      <line num="34" type="stmt" count="1"/>
      <line num="35" type="stmt" count="1"/>
      <line num="38" type="stmt" count="1"/>
      <line num="43" type="stmt" count="4"/>
      <metrics loc="46" ncloc="45" classes="1" methods="2" coveredmethods="2" conditionals="0" coveredconditionals="0" statements="8" coveredstatements="8" elements="10" coveredelements="10"/>
    </file>
    <file name="/var/www/html/app/Http/Resources/EventResource.php">
      <class name="App\Http\Resources\EventResource" namespace="global">
        <metrics complexity="1" methods="1" coveredmethods="1" conditionals="0" coveredconditionals="0" statements="6" coveredstatements="6" elements="7" coveredelements="7"/>
      </class>
      <line num="9" type="method" name="toArray" visibility="public" complexity="1" crap="1" count="18"/>
      <line num="12" type="stmt" count="18"/>
      <line num="13" type="stmt" count="18"/>
      <line num="14" type="stmt" count="18"/>
      <line num="15" type="stmt" count="18"/>
      <line num="16" type="stmt" count="18"/>
      <line num="17" type="stmt" count="18"/>
      <metrics loc="21" ncloc="21" classes="1" methods="1" coveredmethods="1" conditionals="0" coveredconditionals="0" statements="6" coveredstatements="6" elements="7" coveredelements="7"/>
    </file>
    <file name="/var/www/html/app/Http/Resources/FileResource.php">
      <class name="App\Http\Resources\FileResource" namespace="global">
        <metrics complexity="2" methods="1" coveredmethods="1" conditionals="0" coveredconditionals="0" statements="12" coveredstatements="12" elements="13" coveredelements="13"/>
      </class>
      <line num="9" type="method" name="toArray" visibility="public" complexity="2" crap="2" count="11"/>
      <line num="11" type="stmt" count="11"/>
      <line num="13" type="stmt" count="11"/>
      <line num="14" type="stmt" count="11"/>
      <line num="15" type="stmt" count="11"/>
      <line num="16" type="stmt" count="11"/>
      <line num="21" type="stmt" count="11"/>
      <line num="22" type="stmt" count="11"/>
      <line num="24" type="stmt" count="11"/>
      <line num="25" type="stmt" count="11"/>
      <line num="26" type="stmt" count="11"/>
      <line num="29" type="stmt" count="11"/>
      <line num="30" type="stmt" count="11"/>
      <metrics loc="34" ncloc="34" classes="1" methods="1" coveredmethods="1" conditionals="0" coveredconditionals="0" statements="12" coveredstatements="12" elements="13" coveredelements="13"/>
    </file>
    <file name="/var/www/html/app/Http/Resources/FileTypeResource.php">
      <class name="App\Http\Resources\FileTypeResource" namespace="global">
        <metrics complexity="1" methods="1" coveredmethods="0" conditionals="0" coveredconditionals="0" statements="1" coveredstatements="0" elements="2" coveredelements="0"/>
      </class>
      <line num="9" type="method" name="toArray" visibility="public" complexity="1" crap="2" count="0"/>
      <line num="11" type="stmt" count="0"/>
      <metrics loc="14" ncloc="14" classes="1" methods="1" coveredmethods="0" conditionals="0" coveredconditionals="0" statements="1" coveredstatements="0" elements="2" coveredelements="0"/>
    </file>
    <file name="/var/www/html/app/Http/Resources/JobCategoryResource.php">
      <class name="App\Http\Resources\JobCategoryResource" namespace="global">
        <metrics complexity="2" methods="1" coveredmethods="0" conditionals="0" coveredconditionals="0" statements="11" coveredstatements="0" elements="12" coveredelements="0"/>
      </class>
      <line num="10" type="method" name="toArray" visibility="public" complexity="2" crap="6" count="0"/>
      <line num="12" type="stmt" count="0"/>
      <line num="14" type="stmt" count="0"/>
      <line num="15" type="stmt" count="0"/>
      <line num="16" type="stmt" count="0"/>
      <line num="17" type="stmt" count="0"/>
      <line num="18" type="stmt" count="0"/>
      <line num="23" type="stmt" count="0"/>
      <line num="24" type="stmt" count="0"/>
      <line num="25" type="stmt" count="0"/>
      <line num="26" type="stmt" count="0"/>
      <line num="27" type="stmt" count="0"/>
      <metrics loc="32" ncloc="32" classes="1" methods="1" coveredmethods="0" conditionals="0" coveredconditionals="0" statements="11" coveredstatements="0" elements="12" coveredelements="0"/>
    </file>
    <file name="/var/www/html/app/Http/Resources/JobResource.php">
      <class name="App\Http\Resources\JobResource" namespace="global">
        <metrics complexity="6" methods="1" coveredmethods="1" conditionals="0" coveredconditionals="0" statements="36" coveredstatements="36" elements="37" coveredelements="37"/>
      </class>
      <line num="9" type="method" name="toArray" visibility="public" complexity="6" crap="6" count="23"/>
      <line num="12" type="stmt" count="23"/>
      <line num="13" type="stmt" count="23"/>
      <line num="14" type="stmt" count="23"/>
      <line num="15" type="stmt" count="23"/>
      <line num="16" type="stmt" count="23"/>
      <line num="19" type="stmt" count="23"/>
      <line num="20" type="stmt" count="11"/>
      <line num="21" type="stmt" count="11"/>
      <line num="22" type="stmt" count="11"/>
      <line num="23" type="stmt" count="11"/>
      <line num="27" type="stmt" count="23"/>
      <line num="28" type="stmt" count="8"/>
      <line num="29" type="stmt" count="8"/>
      <line num="30" type="stmt" count="8"/>
      <line num="31" type="stmt" count="8"/>
      <line num="35" type="stmt" count="23"/>
      <line num="36" type="stmt" count="23"/>
      <line num="39" type="stmt" count="23"/>
      <line num="40" type="stmt" count="23"/>
      <line num="43" type="stmt" count="23"/>
      <line num="44" type="stmt" count="23"/>
      <line num="48" type="stmt" count="23"/>
      <line num="49" type="stmt" count="23"/>
      <line num="50" type="stmt" count="23"/>
      <line num="51" type="stmt" count="23"/>
      <line num="52" type="stmt" count="23"/>
      <line num="53" type="stmt" count="23"/>
      <line num="54" type="stmt" count="23"/>
      <line num="56" type="stmt" count="23"/>
      <line num="57" type="stmt" count="23"/>
      <line num="58" type="stmt" count="23"/>
      <line num="61" type="stmt" count="23"/>
      <line num="62" type="stmt" count="23"/>
      <line num="63" type="stmt" count="23"/>
      <line num="70" type="stmt" count="23"/>
      <line num="71" type="stmt" count="23"/>
      <metrics loc="75" ncloc="73" classes="1" methods="1" coveredmethods="1" conditionals="0" coveredconditionals="0" statements="36" coveredstatements="36" elements="37" coveredelements="37"/>
    </file>
    <file name="/var/www/html/app/Http/Resources/MessageResource.php">
      <class name="App\Http\Resources\MessageResource" namespace="global">
        <metrics complexity="1" methods="1" coveredmethods="1" conditionals="0" coveredconditionals="0" statements="7" coveredstatements="7" elements="8" coveredelements="8"/>
      </class>
      <line num="9" type="method" name="toArray" visibility="public" complexity="1" crap="1" count="10"/>
      <line num="12" type="stmt" count="10"/>
      <line num="13" type="stmt" count="10"/>
      <line num="14" type="stmt" count="10"/>
      <line num="15" type="stmt" count="10"/>
      <line num="17" type="stmt" count="10"/>
      <line num="18" type="stmt" count="10"/>
      <line num="20" type="stmt" count="10"/>
      <metrics loc="24" ncloc="24" classes="1" methods="1" coveredmethods="1" conditionals="0" coveredconditionals="0" statements="7" coveredstatements="7" elements="8" coveredelements="8"/>
    </file>
    <file name="/var/www/html/app/Http/Resources/UserResource.php">
      <class name="App\Http\Resources\UserResource" namespace="global">
        <metrics complexity="1" methods="1" coveredmethods="1" conditionals="0" coveredconditionals="0" statements="8" coveredstatements="8" elements="9" coveredelements="9"/>
      </class>
      <line num="9" type="method" name="toArray" visibility="public" complexity="1" crap="1" count="11"/>
      <line num="12" type="stmt" count="11"/>
      <line num="13" type="stmt" count="11"/>
      <line num="14" type="stmt" count="11"/>
      <line num="15" type="stmt" count="11"/>
      <line num="16" type="stmt" count="11"/>
      <line num="17" type="stmt" count="11"/>
      <line num="18" type="stmt" count="11"/>
      <line num="19" type="stmt" count="11"/>
      <metrics loc="23" ncloc="23" classes="1" methods="1" coveredmethods="1" conditionals="0" coveredconditionals="0" statements="8" coveredstatements="8" elements="9" coveredelements="9"/>
    </file>
    <file name="/var/www/html/app/Jobs/NotificationsEmailJob.php">
      <class name="App\Jobs\NotificationsEmailJob" namespace="global">
        <metrics complexity="9" methods="2" coveredmethods="2" conditionals="0" coveredconditionals="0" statements="12" coveredstatements="12" elements="14" coveredelements="14"/>
      </class>
      <line num="26" type="method" name="__construct" visibility="public" complexity="1" crap="1" count="13"/>
      <line num="28" type="stmt" count="13"/>
      <line num="29" type="stmt" count="13"/>
      <line num="32" type="method" name="handle" visibility="public" complexity="8" crap="8" count="13"/>
      <line num="34" type="stmt" count="13"/>
      <line num="37" type="stmt" count="13"/>
      <line num="38" type="stmt" count="13"/>
      <line num="39" type="stmt" count="13"/>
      <line num="40" type="stmt" count="13"/>
      <line num="42" type="stmt" count="13"/>
      <line num="44" type="stmt" count="7"/>
      <line num="45" type="stmt" count="7"/>
      <line num="46" type="stmt" count="7"/>
      <line num="48" type="stmt" count="7"/>
      <metrics loc="53" ncloc="51" classes="1" methods="2" coveredmethods="2" conditionals="0" coveredconditionals="0" statements="12" coveredstatements="12" elements="14" coveredelements="14"/>
    </file>
    <file name="/var/www/html/app/Mail/NotificationsEmail.php">
      <class name="App\Mail\NotificationsEmail" namespace="global">
        <metrics complexity="12" methods="5" coveredmethods="5" conditionals="0" coveredconditionals="0" statements="33" coveredstatements="33" elements="38" coveredelements="38"/>
      </class>
      <line num="30" type="method" name="__construct" visibility="public" complexity="1" crap="1" count="7"/>
      <line num="32" type="stmt" count="7"/>
      <line num="33" type="stmt" count="7"/>
      <line num="34" type="stmt" count="7"/>
      <line num="37" type="method" name="build" visibility="public" complexity="5" crap="5" count="7"/>
      <line num="40" type="stmt" count="7"/>
      <line num="43" type="stmt" count="7"/>
      <line num="44" type="stmt" count="7"/>
      <line num="45" type="stmt" count="7"/>
      <line num="46" type="stmt" count="7"/>
      <line num="48" type="stmt" count="7"/>
      <line num="49" type="stmt" count="7"/>
      <line num="51" type="stmt" count="7"/>
      <line num="52" type="stmt" count="7"/>
      <line num="54" type="stmt" count="7"/>
      <line num="55" type="stmt" count="7"/>
      <line num="58" type="stmt" count="7"/>
      <line num="61" type="stmt" count="7"/>
      <line num="62" type="stmt" count="7"/>
      <line num="64" type="stmt" count="7"/>
      <line num="67" type="method" name="get_newest_status_event_job" visibility="private" complexity="2" crap="2" count="7"/>
      <line num="69" type="stmt" count="7"/>
      <line num="70" type="stmt" count="7"/>
      <line num="71" type="stmt" count="7"/>
      <line num="73" type="stmt" count="7"/>
      <line num="74" type="stmt" count="5"/>
      <line num="76" type="stmt" count="7"/>
      <line num="77" type="stmt" count="7"/>
      <line num="80" type="method" name="count_new_files_events_job" visibility="private" complexity="2" crap="2" count="7"/>
      <line num="82" type="stmt" count="7"/>
      <line num="83" type="stmt" count="7"/>
      <line num="84" type="stmt" count="7"/>
      <line num="86" type="stmt" count="7"/>
      <line num="89" type="method" name="count_new_messages_events_job" visibility="private" complexity="2" crap="2" count="7"/>
      <line num="91" type="stmt" count="7"/>
      <line num="92" type="stmt" count="7"/>
      <line num="93" type="stmt" count="7"/>
      <line num="95" type="stmt" count="7"/>
      <metrics loc="98" ncloc="94" classes="1" methods="5" coveredmethods="5" conditionals="0" coveredconditionals="0" statements="33" coveredstatements="33" elements="38" coveredelements="38"/>
    </file>
    <file name="/var/www/html/app/Models/Event.php">
      <class name="App\Models\Event" namespace="global">
        <metrics complexity="3" methods="3" coveredmethods="1" conditionals="0" coveredconditionals="0" statements="4" coveredstatements="2" elements="7" coveredelements="3"/>
      </class>
      <line num="24" type="method" name="create_mail_job" visibility="public" complexity="1" crap="1" count="13"/>
      <line num="28" type="stmt" count="13"/>
      <line num="29" type="stmt" count="13"/>
      <line num="33" type="method" name="job" visibility="public" complexity="1" crap="2" count="0"/>
      <line num="35" type="stmt" count="0"/>
      <line num="38" type="method" name="user" visibility="public" complexity="1" crap="2" count="0"/>
      <line num="40" type="stmt" count="0"/>
      <metrics loc="43" ncloc="40" classes="1" methods="3" coveredmethods="1" conditionals="0" coveredconditionals="0" statements="4" coveredstatements="2" elements="7" coveredelements="3"/>
    </file>
    <file name="/var/www/html/app/Models/File.php">
      <class name="App\Models\File" namespace="global">
        <metrics complexity="27" methods="10" coveredmethods="3" conditionals="0" coveredconditionals="0" statements="66" coveredstatements="42" elements="76" coveredelements="45"/>
      </class>
      <line num="26" type="method" name="job_category" visibility="public" complexity="1" crap="2" count="0"/>
      <line num="28" type="stmt" count="0"/>
      <line num="31" type="method" name="file_type" visibility="public" complexity="1" crap="1" count="11"/>
      <line num="33" type="stmt" count="11"/>
      <line num="36" type="method" name="job" visibility="public" complexity="1" crap="1" count="19"/>
      <line num="38" type="stmt" count="19"/>
      <line num="47" type="method" name="create_event_and_mail" visibility="private" complexity="2" crap="2.86" count="20"/>
      <line num="50" type="stmt" count="20"/>
      <line num="52" type="stmt" count="20"/>
      <line num="53" type="stmt" count="0"/>
      <line num="58" type="stmt" count="0"/>
      <line num="62" type="stmt" count="0"/>
      <line num="66" type="method" name="is_valid_file" visibility="public" complexity="7" crap="7.04" count="14"/>
      <line num="68" type="stmt" count="14"/>
      <line num="69" type="stmt" count="1"/>
      <line num="70" type="stmt" count="1"/>
      <line num="73" type="stmt" count="13"/>
      <line num="74" type="stmt" count="3"/>
      <line num="75" type="stmt" count="3"/>
      <line num="78" type="stmt" count="10"/>
      <line num="79" type="stmt" count="10"/>
      <line num="81" type="stmt" count="10"/>
      <line num="82" type="stmt" count="2"/>
      <line num="83" type="stmt" count="2"/>
      <line num="87" type="stmt" count="8"/>
      <line num="88" type="stmt" count="8"/>
      <line num="89" type="stmt" count="1"/>
      <line num="90" type="stmt" count="1"/>
      <line num="95" type="stmt" count="7"/>
      <line num="96" type="stmt" count="0"/>
      <line num="97" type="stmt" count="0"/>
      <line num="101" type="stmt" count="7"/>
      <line num="102" type="stmt" count="2"/>
      <line num="103" type="stmt" count="2"/>
      <line num="106" type="stmt" count="5"/>
      <line num="109" type="method" name="download_file" visibility="public" complexity="2" crap="6" count="0"/>
      <line num="111" type="stmt" count="0"/>
      <line num="112" type="stmt" count="0"/>
      <line num="114" type="stmt" count="0"/>
      <line num="118" type="method" name="get_file_url" visibility="public" complexity="2" crap="6" count="0"/>
      <line num="120" type="stmt" count="0"/>
      <line num="121" type="stmt" count="0"/>
      <line num="126" type="stmt" count="0"/>
      <line num="130" type="method" name="store_file" visibility="public" complexity="3" crap="3" count="20"/>
      <line num="133" type="stmt" count="20"/>
      <line num="134" type="stmt" count="20"/>
      <line num="135" type="stmt" count="20"/>
      <line num="138" type="stmt" count="20"/>
      <line num="139" type="stmt" count="20"/>
      <line num="142" type="stmt" count="20"/>
      <line num="146" type="stmt" count="20"/>
      <line num="147" type="stmt" count="20"/>
      <line num="153" type="stmt" count="20"/>
      <line num="154" type="stmt" count="20"/>
      <line num="156" type="stmt" count="20"/>
      <line num="159" type="method" name="update_file" visibility="public" complexity="5" crap="8.79" count="2"/>
      <line num="161" type="stmt" count="2"/>
      <line num="162" type="stmt" count="2"/>
      <line num="163" type="stmt" count="2"/>
      <line num="165" type="stmt" count="2"/>
      <line num="167" type="stmt" count="0"/>
      <line num="170" type="stmt" count="0"/>
      <line num="173" type="stmt" count="0"/>
      <line num="174" type="stmt" count="0"/>
      <line num="175" type="stmt" count="0"/>
      <line num="176" type="stmt" count="0"/>
      <line num="178" type="stmt" count="0"/>
      <line num="179" type="stmt" count="0"/>
      <line num="184" type="stmt" count="2"/>
      <line num="185" type="stmt" count="2"/>
      <line num="187" type="stmt" count="2"/>
      <line num="190" type="method" name="delete_file" visibility="public" complexity="3" crap="12" count="0"/>
      <line num="192" type="stmt" count="0"/>
      <line num="194" type="stmt" count="0"/>
      <line num="197" type="stmt" count="0"/>
      <line num="198" type="stmt" count="0"/>
      <metrics loc="202" ncloc="180" classes="1" methods="10" coveredmethods="3" conditionals="0" coveredconditionals="0" statements="66" coveredstatements="42" elements="76" coveredelements="45"/>
    </file>
    <file name="/var/www/html/app/Models/FileType.php">
      <class name="App\Models\FileType" namespace="global">
        <metrics complexity="2" methods="2" coveredmethods="0" conditionals="0" coveredconditionals="0" statements="2" coveredstatements="0" elements="4" coveredelements="0"/>
      </class>
      <line num="21" type="method" name="files" visibility="public" complexity="1" crap="2" count="0"/>
      <line num="23" type="stmt" count="0"/>
      <line num="27" type="method" name="categories" visibility="public" complexity="1" crap="2" count="0"/>
      <line num="29" type="stmt" count="0"/>
      <metrics loc="32" ncloc="29" classes="1" methods="2" coveredmethods="0" conditionals="0" coveredconditionals="0" statements="2" coveredstatements="0" elements="4" coveredelements="0"/>
    </file>
    <file name="/var/www/html/app/Models/Job.php">
      <class name="App\Models\Job" namespace="global">
        <metrics complexity="18" methods="14" coveredmethods="13" conditionals="0" coveredconditionals="0" statements="24" coveredstatements="23" elements="38" coveredelements="36"/>
      </class>
      <line num="38" type="method" name="get_unassigned_jobs" visibility="public" complexity="1" crap="1" count="2"/>
      <line num="40" type="stmt" count="2"/>
      <line num="41" type="stmt" count="2"/>
      <line num="42" type="stmt" count="2"/>
      <line num="45" type="method" name="get_user_jobs" visibility="public" complexity="3" crap="3" count="6"/>
      <line num="47" type="stmt" count="6"/>
      <line num="48" type="stmt" count="6"/>
      <line num="49" type="stmt" count="6"/>
      <line num="50" type="stmt" count="6"/>
      <line num="51" type="stmt" count="6"/>
      <line num="55" type="method" name="get_client_jobs" visibility="public" complexity="1" crap="1" count="3"/>
      <line num="57" type="stmt" count="3"/>
      <line num="60" type="method" name="get_worker_jobs" visibility="public" complexity="1" crap="1" count="4"/>
      <line num="62" type="stmt" count="4"/>
      <line num="65" type="method" name="get_validator_jobs" visibility="public" complexity="1" crap="2" count="0"/>
      <line num="67" type="stmt" count="0"/>
      <line num="70" type="method" name="get_role_jobs" visibility="protected" complexity="1" crap="1" count="7"/>
      <line num="72" type="stmt" count="7"/>
      <line num="73" type="stmt" count="7"/>
      <line num="74" type="stmt" count="7"/>
      <line num="78" type="method" name="messages" visibility="public" complexity="1" crap="1" count="23"/>
      <line num="80" type="stmt" count="23"/>
      <line num="83" type="method" name="events" visibility="public" complexity="1" crap="1" count="23"/>
      <line num="85" type="stmt" count="23"/>
      <line num="88" type="method" name="files" visibility="public" complexity="1" crap="1" count="23"/>
      <line num="90" type="stmt" count="23"/>
      <line num="94" type="method" name="client" visibility="public" complexity="1" crap="1" count="23"/>
      <line num="96" type="stmt" count="23"/>
      <line num="99" type="method" name="worker" visibility="public" complexity="1" crap="1" count="11"/>
      <line num="101" type="stmt" count="11"/>
      <line num="104" type="method" name="validator" visibility="public" complexity="1" crap="1" count="8"/>
      <line num="106" type="stmt" count="8"/>
      <line num="109" type="method" name="job_category" visibility="public" complexity="1" crap="1" count="34"/>
      <line num="111" type="stmt" count="34"/>
      <line num="115" type="method" name="participate_in_job" visibility="public" complexity="3" crap="3" count="16"/>
      <line num="117" type="stmt" count="16"/>
      <line num="118" type="stmt" count="16"/>
      <line num="119" type="stmt" count="16"/>
      <metrics loc="122" ncloc="117" classes="1" methods="14" coveredmethods="13" conditionals="0" coveredconditionals="0" statements="24" coveredstatements="23" elements="38" coveredelements="36"/>
    </file>
    <file name="/var/www/html/app/Models/JobCategory.php">
      <class name="App\Models\JobCategory" namespace="global">
        <metrics complexity="3" methods="3" coveredmethods="1" conditionals="0" coveredconditionals="0" statements="3" coveredstatements="1" elements="6" coveredelements="2"/>
      </class>
      <line num="27" type="method" name="file" visibility="public" complexity="1" crap="2" count="0"/>
      <line num="29" type="stmt" count="0"/>
      <line num="33" type="method" name="jobs" visibility="public" complexity="1" crap="2" count="0"/>
      <line num="35" type="stmt" count="0"/>
      <line num="38" type="method" name="file_types" visibility="public" complexity="1" crap="1" count="9"/>
      <line num="40" type="stmt" count="9"/>
      <metrics loc="43" ncloc="40" classes="1" methods="3" coveredmethods="1" conditionals="0" coveredconditionals="0" statements="3" coveredstatements="1" elements="6" coveredelements="2"/>
    </file>
    <file name="/var/www/html/app/Models/Message.php">
      <class name="App\Models\Message" namespace="global">
        <metrics complexity="3" methods="3" coveredmethods="1" conditionals="0" coveredconditionals="0" statements="3" coveredstatements="1" elements="6" coveredelements="2"/>
      </class>
      <line num="22" type="method" name="sender" visibility="public" complexity="1" crap="2" count="0"/>
      <line num="24" type="stmt" count="0"/>
      <line num="27" type="method" name="receiver" visibility="public" complexity="1" crap="2" count="0"/>
      <line num="29" type="stmt" count="0"/>
      <line num="32" type="method" name="job" visibility="public" complexity="1" crap="1" count="10"/>
      <line num="34" type="stmt" count="10"/>
      <metrics loc="37" ncloc="36" classes="1" methods="3" coveredmethods="1" conditionals="0" coveredconditionals="0" statements="3" coveredstatements="1" elements="6" coveredelements="2"/>
    </file>
    <file name="/var/www/html/app/Models/Role.php">
      <class name="App\Models\Role" namespace="global">
        <metrics complexity="1" methods="1" coveredmethods="0" conditionals="0" coveredconditionals="0" statements="1" coveredstatements="0" elements="2" coveredelements="0"/>
      </class>
      <line num="20" type="method" name="users" visibility="public" complexity="1" crap="2" count="0"/>
      <line num="22" type="stmt" count="0"/>
      <metrics loc="25" ncloc="23" classes="1" methods="1" coveredmethods="0" conditionals="0" coveredconditionals="0" statements="1" coveredstatements="0" elements="2" coveredelements="0"/>
    </file>
    <file name="/var/www/html/app/Models/User.php">
      <class name="App\Models\User" namespace="global">
        <metrics complexity="7" methods="7" coveredmethods="2" conditionals="0" coveredconditionals="0" statements="7" coveredstatements="2" elements="14" coveredelements="4"/>
      </class>
      <line num="47" type="method" name="requestor_jobs" visibility="public" complexity="1" crap="2" count="0"/>
      <line num="49" type="stmt" count="0"/>
      <line num="52" type="method" name="worker_jobs" visibility="public" complexity="1" crap="2" count="0"/>
      <line num="54" type="stmt" count="0"/>
      <line num="57" type="method" name="validator_jobs" visibility="public" complexity="1" crap="2" count="0"/>
      <line num="59" type="stmt" count="0"/>
      <line num="62" type="method" name="sended_messages" visibility="public" complexity="1" crap="2" count="0"/>
      <line num="64" type="stmt" count="0"/>
      <line num="67" type="method" name="received_messages" visibility="public" complexity="1" crap="2" count="0"/>
      <line num="69" type="stmt" count="0"/>
      <line num="73" type="method" name="roles" visibility="public" complexity="1" crap="1" count="159"/>
      <line num="75" type="stmt" count="159"/>
      <line num="79" type="method" name="has_given_role" visibility="public" complexity="1" crap="1" count="159"/>
      <line num="81" type="stmt" count="159"/>
      <metrics loc="84" ncloc="76" classes="1" methods="7" coveredmethods="2" conditionals="0" coveredconditionals="0" statements="7" coveredstatements="2" elements="14" coveredelements="4"/>
    </file>
    <file name="/var/www/html/app/Policies/FilePolicy.php">
      <class name="App\Policies\FilePolicy" namespace="global">
        <metrics complexity="10" methods="6" coveredmethods="5" conditionals="0" coveredconditionals="0" statements="17" coveredstatements="13" elements="23" coveredelements="18"/>
      </class>
      <line num="16" type="method" name="before" visibility="public" complexity="3" crap="3" count="28"/>
      <line num="18" type="stmt" count="28"/>
      <line num="19" type="stmt" count="4"/>
      <line num="22" type="stmt" count="24"/>
      <line num="23" type="stmt" count="4"/>
      <line num="24" type="stmt" count="4"/>
      <line num="29" type="method" name="view" visibility="public" complexity="1" crap="1" count="4"/>
      <line num="31" type="stmt" count="4"/>
      <line num="32" type="stmt" count="4"/>
      <line num="35" type="method" name="create" visibility="public" complexity="1" crap="1" count="8"/>
      <line num="38" type="stmt" count="8"/>
      <line num="39" type="stmt" count="8"/>
      <line num="42" type="method" name="update" visibility="public" complexity="1" crap="1" count="5"/>
      <line num="44" type="stmt" count="5"/>
      <line num="45" type="stmt" count="5"/>
      <line num="48" type="method" name="destroy" visibility="public" complexity="1" crap="1" count="3"/>
      <line num="50" type="stmt" count="3"/>
      <line num="51" type="stmt" count="3"/>
      <line num="55" type="method" name="download" visibility="public" complexity="3" crap="12" count="0"/>
      <line num="57" type="stmt" count="0"/>
      <line num="59" type="stmt" count="0"/>
      <line num="60" type="stmt" count="0"/>
      <line num="63" type="stmt" count="0"/>
      <metrics loc="66" ncloc="63" classes="1" methods="6" coveredmethods="5" conditionals="0" coveredconditionals="0" statements="17" coveredstatements="13" elements="23" coveredelements="18"/>
    </file>
    <file name="/var/www/html/app/Policies/FileTypePolicy.php">
      <class name="App\Policies\FileTypePolicy" namespace="global">
        <metrics complexity="1" methods="1" coveredmethods="0" conditionals="0" coveredconditionals="0" statements="1" coveredstatements="0" elements="2" coveredelements="0"/>
      </class>
      <line num="14" type="method" name="before" visibility="public" complexity="1" crap="2" count="0"/>
      <line num="16" type="stmt" count="0"/>
      <metrics loc="19" ncloc="19" classes="1" methods="1" coveredmethods="0" conditionals="0" coveredconditionals="0" statements="1" coveredstatements="0" elements="2" coveredelements="0"/>
    </file>
    <file name="/var/www/html/app/Policies/JobCategoryPolicy.php">
      <class name="App\Policies\JobCategoryPolicy" namespace="global">
        <metrics complexity="9" methods="7" coveredmethods="0" conditionals="0" coveredconditionals="0" statements="11" coveredstatements="0" elements="18" coveredelements="0"/>
      </class>
      <line num="14" type="method" name="before" visibility="public" complexity="3" crap="12" count="0"/>
      <line num="16" type="stmt" count="0"/>
      <line num="17" type="stmt" count="0"/>
      <line num="20" type="stmt" count="0"/>
      <line num="21" type="stmt" count="0"/>
      <line num="22" type="stmt" count="0"/>
      <line num="27" type="method" name="viewAny" visibility="public" complexity="1" crap="2" count="0"/>
      <line num="29" type="stmt" count="0"/>
      <line num="32" type="method" name="view" visibility="public" complexity="1" crap="2" count="0"/>
      <line num="34" type="stmt" count="0"/>
      <line num="37" type="method" name="create" visibility="public" complexity="1" crap="2" count="0"/>
      <line num="39" type="stmt" count="0"/>
      <line num="42" type="method" name="update" visibility="public" complexity="1" crap="2" count="0"/>
      <line num="44" type="stmt" count="0"/>
      <line num="47" type="method" name="destroy" visibility="public" complexity="1" crap="2" count="0"/>
      <line num="49" type="stmt" count="0"/>
      <line num="53" type="method" name="image" visibility="public" complexity="1" crap="2" count="0"/>
      <line num="55" type="stmt" count="0"/>
      <metrics loc="58" ncloc="50" classes="1" methods="7" coveredmethods="0" conditionals="0" coveredconditionals="0" statements="11" coveredstatements="0" elements="18" coveredelements="0"/>
    </file>
    <file name="/var/www/html/app/Policies/JobPolicy.php">
      <class name="App\Policies\JobPolicy" namespace="global">
        <metrics complexity="22" methods="15" coveredmethods="12" conditionals="0" coveredconditionals="0" statements="30" coveredstatements="25" elements="45" coveredelements="37"/>
      </class>
      <line num="15" type="method" name="before" visibility="public" complexity="3" crap="3" count="79"/>
      <line num="17" type="stmt" count="79"/>
      <line num="18" type="stmt" count="18"/>
      <line num="21" type="stmt" count="61"/>
      <line num="22" type="stmt" count="23"/>
      <line num="23" type="stmt" count="23"/>
      <line num="28" type="method" name="viewAny" visibility="public" complexity="1" crap="1" count="1"/>
      <line num="30" type="stmt" count="1"/>
      <line num="33" type="method" name="view" visibility="public" complexity="1" crap="1" count="4"/>
      <line num="35" type="stmt" count="4"/>
      <line num="36" type="stmt" count="4"/>
      <line num="39" type="method" name="create" visibility="public" complexity="1" crap="1" count="3"/>
      <line num="41" type="stmt" count="3"/>
      <line num="44" type="method" name="update" visibility="public" complexity="1" crap="1" count="3"/>
      <line num="46" type="stmt" count="3"/>
      <line num="47" type="stmt" count="3"/>
      <line num="50" type="method" name="destroy" visibility="public" complexity="1" crap="1" count="2"/>
      <line num="52" type="stmt" count="2"/>
      <line num="53" type="stmt" count="2"/>
      <line num="57" type="method" name="unassigned_jobs" visibility="public" complexity="1" crap="1" count="3"/>
      <line num="59" type="stmt" count="3"/>
      <line num="62" type="method" name="user_jobs" visibility="public" complexity="1" crap="1" count="5"/>
      <line num="64" type="stmt" count="5"/>
      <line num="67" type="method" name="user_as_client_jobs" visibility="public" complexity="1" crap="2" count="0"/>
      <line num="69" type="stmt" count="0"/>
      <line num="72" type="method" name="user_as_worker_jobs" visibility="public" complexity="2" crap="6" count="0"/>
      <line num="74" type="stmt" count="0"/>
      <line num="75" type="stmt" count="0"/>
      <line num="78" type="method" name="user_as_validator_jobs" visibility="public" complexity="2" crap="6" count="0"/>
      <line num="80" type="stmt" count="0"/>
      <line num="81" type="stmt" count="0"/>
      <line num="84" type="method" name="assign" visibility="public" complexity="2" crap="2" count="4"/>
      <line num="86" type="stmt" count="4"/>
      <line num="87" type="stmt" count="4"/>
      <line num="90" type="method" name="update_status" visibility="public" complexity="2" crap="2" count="5"/>
      <line num="92" type="stmt" count="5"/>
      <line num="93" type="stmt" count="5"/>
      <line num="94" type="stmt" count="5"/>
      <line num="97" type="method" name="update_rating" visibility="public" complexity="1" crap="1" count="4"/>
      <line num="99" type="stmt" count="4"/>
      <line num="100" type="stmt" count="4"/>
      <line num="103" type="method" name="update_notifications" visibility="public" complexity="2" crap="2" count="4"/>
      <line num="105" type="stmt" count="4"/>
      <line num="106" type="stmt" count="4"/>
      <line num="107" type="stmt" count="4"/>
      <metrics loc="110" ncloc="107" classes="1" methods="15" coveredmethods="12" conditionals="0" coveredconditionals="0" statements="30" coveredstatements="25" elements="45" coveredelements="37"/>
    </file>
    <file name="/var/www/html/app/Policies/MessagePolicy.php">
      <class name="App\Policies\MessagePolicy" namespace="global">
        <metrics complexity="8" methods="4" coveredmethods="4" conditionals="0" coveredconditionals="0" statements="11" coveredstatements="11" elements="15" coveredelements="15"/>
      </class>
      <line num="15" type="method" name="before" visibility="public" complexity="3" crap="3" count="18"/>
      <line num="17" type="stmt" count="18"/>
      <line num="18" type="stmt" count="5"/>
      <line num="21" type="stmt" count="13"/>
      <line num="22" type="stmt" count="5"/>
      <line num="27" type="method" name="viewAny" visibility="public" complexity="1" crap="1" count="1"/>
      <line num="29" type="stmt" count="1"/>
      <line num="32" type="method" name="view" visibility="public" complexity="2" crap="2" count="3"/>
      <line num="34" type="stmt" count="3"/>
      <line num="35" type="stmt" count="3"/>
      <line num="36" type="stmt" count="3"/>
      <line num="39" type="method" name="create" visibility="public" complexity="2" crap="2" count="4"/>
      <line num="43" type="stmt" count="4"/>
      <line num="44" type="stmt" count="4"/>
      <line num="45" type="stmt" count="4"/>
      <metrics loc="48" ncloc="44" classes="1" methods="4" coveredmethods="4" conditionals="0" coveredconditionals="0" statements="11" coveredstatements="11" elements="15" coveredelements="15"/>
    </file>
    <file name="/var/www/html/app/Policies/UserPolicy.php">
      <class name="App\Policies\UserPolicy" namespace="global">
        <metrics complexity="9" methods="7" coveredmethods="7" conditionals="0" coveredconditionals="0" statements="10" coveredstatements="10" elements="17" coveredelements="17"/>
      </class>
      <line num="14" type="method" name="before" visibility="public" complexity="3" crap="3" count="34"/>
      <line num="16" type="stmt" count="34"/>
      <line num="17" type="stmt" count="10"/>
      <line num="20" type="stmt" count="24"/>
      <line num="21" type="stmt" count="14"/>
      <line num="26" type="method" name="viewAny" visibility="public" complexity="1" crap="1" count="1"/>
      <line num="28" type="stmt" count="1"/>
      <line num="31" type="method" name="view" visibility="public" complexity="1" crap="1" count="2"/>
      <line num="33" type="stmt" count="2"/>
      <line num="37" type="method" name="create" visibility="public" complexity="1" crap="1" count="1"/>
      <line num="40" type="stmt" count="1"/>
      <line num="43" type="method" name="update" visibility="public" complexity="1" crap="1" count="1"/>
      <line num="47" type="stmt" count="1"/>
      <line num="50" type="method" name="destroy" visibility="public" complexity="1" crap="1" count="1"/>
      <line num="52" type="stmt" count="1"/>
      <line num="56" type="method" name="update_email_notifications" visibility="public" complexity="1" crap="1" count="4"/>
      <line num="58" type="stmt" count="4"/>
      <metrics loc="61" ncloc="51" classes="1" methods="7" coveredmethods="7" conditionals="0" coveredconditionals="0" statements="10" coveredstatements="10" elements="17" coveredelements="17"/>
    </file>
    <file name="/var/www/html/app/Providers/AppServiceProvider.php">
      <class name="App\Providers\AppServiceProvider" namespace="global">
        <metrics complexity="2" methods="0" coveredmethods="0" conditionals="0" coveredconditionals="0" statements="0" coveredstatements="0" elements="0" coveredelements="0"/>
      </class>
      <metrics loc="29" ncloc="17" classes="0" methods="0" coveredmethods="0" conditionals="0" coveredconditionals="0" statements="0" coveredstatements="0" elements="0" coveredelements="0"/>
    </file>
    <file name="/var/www/html/app/Providers/AuthServiceProvider.php">
      <class name="App\Providers\AuthServiceProvider" namespace="global">
        <metrics complexity="1" methods="1" coveredmethods="1" conditionals="0" coveredconditionals="0" statements="1" coveredstatements="1" elements="2" coveredelements="2"/>
      </class>
      <line num="40" type="method" name="boot" visibility="public" complexity="1" crap="1" count="186"/>
      <line num="42" type="stmt" count="186"/>
      <metrics loc="45" ncloc="35" classes="1" methods="1" coveredmethods="1" conditionals="0" coveredconditionals="0" statements="1" coveredstatements="1" elements="2" coveredelements="2"/>
    </file>
    <file name="/var/www/html/app/Providers/BroadcastServiceProvider.php">
      <class name="App\Providers\BroadcastServiceProvider" namespace="global">
        <metrics complexity="1" methods="1" coveredmethods="1" conditionals="0" coveredconditionals="0" statements="2" coveredstatements="2" elements="3" coveredelements="3"/>
      </class>
      <line num="15" type="method" name="boot" visibility="public" complexity="1" crap="1" count="186"/>
      <line num="17" type="stmt" count="186"/>
      <line num="19" type="stmt" count="186"/>
      <metrics loc="22" ncloc="16" classes="1" methods="1" coveredmethods="1" conditionals="0" coveredconditionals="0" statements="2" coveredstatements="2" elements="3" coveredelements="3"/>
    </file>
    <file name="/var/www/html/app/Providers/EventServiceProvider.php">
      <class name="App\Providers\EventServiceProvider" namespace="global">
        <metrics complexity="2" methods="1" coveredmethods="1" conditionals="0" coveredconditionals="0" statements="1" coveredstatements="1" elements="2" coveredelements="2"/>
      </class>
      <line num="38" type="method" name="shouldDiscoverEvents" visibility="public" complexity="1" crap="1" count="186"/>
      <line num="40" type="stmt" count="186"/>
      <metrics loc="43" ncloc="27" classes="1" methods="1" coveredmethods="1" conditionals="0" coveredconditionals="0" statements="1" coveredstatements="1" elements="2" coveredelements="2"/>
    </file>
    <file name="/var/www/html/app/Providers/Keycloak/Exceptions/KeycloakGuardException.php">
      <class name="App\Providers\Keycloak\Exceptions\KeycloakGuardException" namespace="global">
        <metrics complexity="1" methods="1" coveredmethods="0" conditionals="0" coveredconditionals="0" statements="1" coveredstatements="0" elements="2" coveredelements="0"/>
      </class>
      <line num="12" type="method" name="__construct" visibility="public" complexity="1" crap="2" count="0"/>
      <line num="14" type="stmt" count="0"/>
      <metrics loc="17" ncloc="12" classes="1" methods="1" coveredmethods="0" conditionals="0" coveredconditionals="0" statements="1" coveredstatements="0" elements="2" coveredelements="0"/>
    </file>
    <file name="/var/www/html/app/Providers/Keycloak/Exceptions/TokenException.php">
      <class name="App\Providers\Keycloak\Exceptions\TokenException" namespace="global">
        <metrics complexity="0" methods="0" coveredmethods="0" conditionals="0" coveredconditionals="0" statements="0" coveredstatements="0" elements="0" coveredelements="0"/>
      </class>
      <metrics loc="14" ncloc="9" classes="0" methods="0" coveredmethods="0" conditionals="0" coveredconditionals="0" statements="0" coveredstatements="0" elements="0" coveredelements="0"/>
    </file>
    <file name="/var/www/html/app/Providers/Keycloak/KeycloakGuard.php">
      <class name="App\Providers\Keycloak\KeycloakGuard" namespace="global">
        <metrics complexity="16" methods="10" coveredmethods="4" conditionals="0" coveredconditionals="0" statements="36" coveredstatements="13" elements="46" coveredelements="17"/>
      </class>
      <line num="27" type="method" name="__construct" visibility="public" complexity="1" crap="1" count="160"/>
      <line num="29" type="stmt" count="160"/>
      <line num="30" type="stmt" count="160"/>
      <line num="31" type="stmt" count="160"/>
      <line num="32" type="stmt" count="160"/>
      <line num="33" type="stmt" count="160"/>
      <line num="35" type="stmt" count="160"/>
      <line num="43" type="method" name="check" visibility="public" complexity="1" crap="1" count="159"/>
      <line num="45" type="stmt" count="159"/>
      <line num="53" type="method" name="guest" visibility="public" complexity="1" crap="2" count="0"/>
      <line num="55" type="stmt" count="0"/>
      <line num="63" type="method" name="user" visibility="public" complexity="2" crap="2" count="160"/>
      <line num="65" type="stmt" count="160"/>
      <line num="66" type="stmt" count="1"/>
      <line num="69" type="stmt" count="159"/>
      <line num="77" type="method" name="id" visibility="public" complexity="2" crap="6" count="0"/>
      <line num="79" type="stmt" count="0"/>
      <line num="80" type="stmt" count="0"/>
      <line num="90" type="method" name="validate" visibility="public" complexity="3" crap="12" count="0"/>
      <line num="92" type="stmt" count="0"/>
      <line num="93" type="stmt" count="0"/>
      <line num="97" type="stmt" count="0"/>
      <line num="99" type="stmt" count="0"/>
      <line num="101" type="stmt" count="0"/>
      <line num="102" type="stmt" count="0"/>
      <line num="103" type="stmt" count="0"/>
      <line num="104" type="stmt" count="0"/>
      <line num="105" type="stmt" count="0"/>
      <line num="106" type="stmt" count="0"/>
      <line num="110" type="stmt" count="0"/>
      <line num="111" type="stmt" count="0"/>
      <line num="114" type="stmt" count="0"/>
      <line num="116" type="stmt" count="0"/>
      <line num="124" type="method" name="hasUser" visibility="public" complexity="1" crap="2" count="0"/>
      <line num="126" type="stmt" count="0"/>
      <line num="129" type="method" name="setUser" visibility="public" complexity="1" crap="1" count="159"/>
      <line num="131" type="stmt" count="159"/>
      <line num="139" type="method" name="token" visibility="public" complexity="1" crap="2" count="0"/>
      <line num="141" type="stmt" count="0"/>
      <line num="149" type="method" name="authenticate" visibility="private" complexity="3" crap="5.67" count="160"/>
      <line num="152" type="stmt" count="160"/>
      <line num="153" type="stmt" count="0"/>
      <line num="154" type="stmt" count="0"/>
      <line num="157" type="stmt" count="160"/>
      <line num="158" type="stmt" count="0"/>
      <line num="159" type="stmt" count="0"/>
      <metrics loc="164" ncloc="115" classes="1" methods="10" coveredmethods="4" conditionals="0" coveredconditionals="0" statements="36" coveredstatements="13" elements="46" coveredelements="17"/>
    </file>
    <file name="/var/www/html/app/Providers/Keycloak/Token.php">
      <class name="App\Providers\Keycloak\Token" namespace="global">
        <metrics complexity="3" methods="2" coveredmethods="2" conditionals="0" coveredconditionals="0" statements="3" coveredstatements="3" elements="5" coveredelements="5"/>
      </class>
      <line num="26" type="method" name="decode" visibility="public" complexity="2" crap="2" count="160"/>
      <line num="28" type="stmt" count="160"/>
      <line num="29" type="stmt" count="160"/>
      <line num="38" type="method" name="buildPublicKey" visibility="private" complexity="1" crap="1" count="160"/>
      <line num="41" type="stmt" count="160"/>
      <metrics loc="45" ncloc="27" classes="1" methods="2" coveredmethods="2" conditionals="0" coveredconditionals="0" statements="3" coveredstatements="3" elements="5" coveredelements="5"/>
    </file>
    <file name="/var/www/html/app/Providers/KeycloakServiceProvider.php">
      <class name="App\Providers\KeycloakServiceProvider" namespace="global">
        <metrics complexity="1" methods="1" coveredmethods="1" conditionals="0" coveredconditionals="0" statements="3" coveredstatements="3" elements="4" coveredelements="4"/>
      </class>
      <line num="17" type="method" name="register" visibility="public" complexity="1" crap="1" count="186"/>
      <line num="21" type="stmt" count="186"/>
      <line num="24" type="stmt" count="186"/>
      <line num="25" type="stmt" count="160"/>
      <metrics loc="29" ncloc="21" classes="1" methods="1" coveredmethods="1" conditionals="0" coveredconditionals="0" statements="3" coveredstatements="3" elements="4" coveredelements="4"/>
    </file>
    <file name="/var/www/html/app/Providers/RouteServiceProvider.php">
      <class name="App\Providers\RouteServiceProvider" namespace="global">
        <metrics complexity="3" methods="2" coveredmethods="2" conditionals="0" coveredconditionals="0" statements="11" coveredstatements="11" elements="13" coveredelements="13"/>
      </class>
      <line num="27" type="method" name="boot" visibility="public" complexity="1" crap="1" count="186"/>
      <line num="29" type="stmt" count="186"/>
      <line num="31" type="stmt" count="186"/>
      <line num="32" type="stmt" count="186"/>
      <line num="33" type="stmt" count="186"/>
      <line num="34" type="stmt" count="186"/>
      <line num="36" type="stmt" count="186"/>
      <line num="37" type="stmt" count="186"/>
      <line num="41" type="stmt" count="186"/>
      <line num="42" type="stmt" count="186"/>
      <line num="50" type="method" name="configureRateLimiting" visibility="protected" complexity="2" crap="2" count="186"/>
      <line num="52" type="stmt" count="186"/>
      <line num="53" type="stmt" count="159"/>
      <metrics loc="57" ncloc="39" classes="1" methods="2" coveredmethods="2" conditionals="0" coveredconditionals="0" statements="11" coveredstatements="11" elements="13" coveredelements="13"/>
    </file>
    <metrics files="72" loc="3483" ncloc="3072" classes="60" methods="196" coveredmethods="123" conditionals="0" coveredconditionals="0" statements="681" coveredstatements="489" elements="877" coveredelements="612"/>
  </project>
</coverage>
